`board/synapse/e10/root-additions/etc/wpa_supplicant.conf' -> `/usr/local/src/git/E10-buildroot/br1111-main/output/target/etc/wpa_supplicant.conf'
`board/synapse/e10/root-additions/etc/ifplugd' -> `/usr/local/src/git/E10-buildroot/br1111-main/output/target/etc/ifplugd'
`board/synapse/e10/root-additions/etc/ifplugd/ifplugd.conf' -> `/usr/local/src/git/E10-buildroot/br1111-main/output/target/etc/ifplugd/ifplugd.conf'
`board/synapse/e10/root-additions/etc/network/interfaces' -> `/usr/local/src/git/E10-buildroot/br1111-main/output/target/etc/network/interfaces'
`board/synapse/e10/root-additions/etc/network/pre-wlan.sh' -> `/usr/local/src/git/E10-buildroot/br1111-main/output/target/etc/network/pre-wlan.sh'
`board/synapse/e10/root-additions/etc/init.d/S60cron' -> `/usr/local/src/git/E10-buildroot/br1111-main/output/target/etc/init.d/S60cron'
`board/synapse/e10/root-additions/etc/init.d/S49ntp' -> `/usr/local/src/git/E10-buildroot/br1111-main/output/target/etc/init.d/S49ntp'
`board/synapse/e10/root-additions/etc/init.d/S999snap' -> `/usr/local/src/git/E10-buildroot/br1111-main/output/target/etc/init.d/S999snap'
`board/synapse/e10/root-additions/etc/init.d/S99leds' -> `/usr/local/src/git/E10-buildroot/br1111-main/output/target/etc/init.d/S99leds'
`board/synapse/e10/root-additions/etc/default/ntpd' -> `/usr/local/src/git/E10-buildroot/br1111-main/output/target/etc/default/ntpd'
`board/synapse/e10/root-additions/etc/fw_env.config' -> `/usr/local/src/git/E10-buildroot/br1111-main/output/target/etc/fw_env.config'
`board/synapse/e10/root-additions/root/scripts' -> `/usr/local/src/git/E10-buildroot/br1111-main/output/target/root/scripts'
`board/synapse/e10/root-additions/root/scripts/cron.daily.sh' -> `/usr/local/src/git/E10-buildroot/br1111-main/output/target/root/scripts/cron.daily.sh'
`board/synapse/e10/root-additions/root/scripts/update-jcu.sh' -> `/usr/local/src/git/E10-buildroot/br1111-main/output/target/root/scripts/update-jcu.sh'
`board/synapse/e10/root-additions/root/scripts/cron.monthly.sh' -> `/usr/local/src/git/E10-buildroot/br1111-main/output/target/root/scripts/cron.monthly.sh'
`board/synapse/e10/root-additions/root/scripts/cron.hourly.sh' -> `/usr/local/src/git/E10-buildroot/br1111-main/output/target/root/scripts/cron.hourly.sh'
`board/synapse/e10/root-additions/root/scripts/check-net.sh' -> `/usr/local/src/git/E10-buildroot/br1111-main/output/target/root/scripts/check-net.sh'
`board/synapse/e10/root-additions/root/scripts/cron.weekly.sh' -> `/usr/local/src/git/E10-buildroot/br1111-main/output/target/root/scripts/cron.weekly.sh'
`board/synapse/e10/root-additions/root/scripts/check-wlan.sh' -> `/usr/local/src/git/E10-buildroot/br1111-main/output/target/root/scripts/check-wlan.sh'
`board/synapse/e10/root-additions/root/scripts/cron.minute.sh' -> `/usr/local/src/git/E10-buildroot/br1111-main/output/target/root/scripts/cron.minute.sh'
`board/synapse/e10/root-additions/var/spool/cron/crontabs/root' -> `/usr/local/src/git/E10-buildroot/br1111-main/output/target/var/spool/cron/crontabs/root'
`board/synapse/e10/root-additions/var/spool/cron/crontabs/cron.update' -> `/usr/local/src/git/E10-buildroot/br1111-main/output/target/var/spool/cron/crontabs/cron.update'
`board/synapse/e10/root-additions/etc/wpa_supplicant.conf' -> `/usr/local/src/git/E10-buildroot/br1111-main/output/target/etc/wpa_supplicant.conf'
`board/synapse/e10/root-additions/etc/ifplugd/ifplugd.conf' -> `/usr/local/src/git/E10-buildroot/br1111-main/output/target/etc/ifplugd/ifplugd.conf'
`board/synapse/e10/root-additions/etc/network/interfaces' -> `/usr/local/src/git/E10-buildroot/br1111-main/output/target/etc/network/interfaces'
`board/synapse/e10/root-additions/etc/network/pre-wlan.sh' -> `/usr/local/src/git/E10-buildroot/br1111-main/output/target/etc/network/pre-wlan.sh'
`board/synapse/e10/root-additions/etc/init.d/S60cron' -> `/usr/local/src/git/E10-buildroot/br1111-main/output/target/etc/init.d/S60cron'
`board/synapse/e10/root-additions/etc/init.d/S49ntp' -> `/usr/local/src/git/E10-buildroot/br1111-main/output/target/etc/init.d/S49ntp'
`board/synapse/e10/root-additions/etc/init.d/S999snap' -> `/usr/local/src/git/E10-buildroot/br1111-main/output/target/etc/init.d/S999snap'
`board/synapse/e10/root-additions/etc/init.d/S99leds' -> `/usr/local/src/git/E10-buildroot/br1111-main/output/target/etc/init.d/S99leds'
`board/synapse/e10/root-additions/etc/default/ntpd' -> `/usr/local/src/git/E10-buildroot/br1111-main/output/target/etc/default/ntpd'
`board/synapse/e10/root-additions/etc/fw_env.config' -> `/usr/local/src/git/E10-buildroot/br1111-main/output/target/etc/fw_env.config'
`board/synapse/e10/root-additions/root/scripts/cron.daily.sh' -> `/usr/local/src/git/E10-buildroot/br1111-main/output/target/root/scripts/cron.daily.sh'
`board/synapse/e10/root-additions/root/scripts/update-jcu.sh' -> `/usr/local/src/git/E10-buildroot/br1111-main/output/target/root/scripts/update-jcu.sh'
`board/synapse/e10/root-additions/root/scripts/cron.monthly.sh' -> `/usr/local/src/git/E10-buildroot/br1111-main/output/target/root/scripts/cron.monthly.sh'
`board/synapse/e10/root-additions/root/scripts/cron.hourly.sh' -> `/usr/local/src/git/E10-buildroot/br1111-main/output/target/root/scripts/cron.hourly.sh'
`board/synapse/e10/root-additions/root/scripts/check-net.sh' -> `/usr/local/src/git/E10-buildroot/br1111-main/output/target/root/scripts/check-net.sh'
`board/synapse/e10/root-additions/root/scripts/cron.weekly.sh' -> `/usr/local/src/git/E10-buildroot/br1111-main/output/target/root/scripts/cron.weekly.sh'
`board/synapse/e10/root-additions/root/scripts/check-wlan.sh' -> `/usr/local/src/git/E10-buildroot/br1111-main/output/target/root/scripts/check-wlan.sh'
`board/synapse/e10/root-additions/root/scripts/cron.minute.sh' -> `/usr/local/src/git/E10-buildroot/br1111-main/output/target/root/scripts/cron.minute.sh'
`board/synapse/e10/root-additions/var/spool/cron/crontabs/root' -> `/usr/local/src/git/E10-buildroot/br1111-main/output/target/var/spool/cron/crontabs/root'
`board/synapse/e10/root-additions/var/spool/cron/crontabs/cron.update' -> `/usr/local/src/git/E10-buildroot/br1111-main/output/target/var/spool/cron/crontabs/cron.update'
`board/synapse/e10/root-additions/etc/wpa_supplicant.conf' -> `/usr/local/src/git/E10-buildroot/br1111-main/output/target/etc/wpa_supplicant.conf'
`board/synapse/e10/root-additions/etc/ifplugd' -> `/usr/local/src/git/E10-buildroot/br1111-main/output/target/etc/ifplugd'
`board/synapse/e10/root-additions/etc/ifplugd/ifplugd.conf' -> `/usr/local/src/git/E10-buildroot/br1111-main/output/target/etc/ifplugd/ifplugd.conf'
`board/synapse/e10/root-additions/etc/network/interfaces' -> `/usr/local/src/git/E10-buildroot/br1111-main/output/target/etc/network/interfaces'
`board/synapse/e10/root-additions/etc/network/pre-wlan.sh' -> `/usr/local/src/git/E10-buildroot/br1111-main/output/target/etc/network/pre-wlan.sh'
`board/synapse/e10/root-additions/etc/init.d/S60cron' -> `/usr/local/src/git/E10-buildroot/br1111-main/output/target/etc/init.d/S60cron'
`board/synapse/e10/root-additions/etc/init.d/S49ntp' -> `/usr/local/src/git/E10-buildroot/br1111-main/output/target/etc/init.d/S49ntp'
`board/synapse/e10/root-additions/etc/init.d/S999snap' -> `/usr/local/src/git/E10-buildroot/br1111-main/output/target/etc/init.d/S999snap'
`board/synapse/e10/root-additions/etc/init.d/S99leds' -> `/usr/local/src/git/E10-buildroot/br1111-main/output/target/etc/init.d/S99leds'
`board/synapse/e10/root-additions/etc/default/ntpd' -> `/usr/local/src/git/E10-buildroot/br1111-main/output/target/etc/default/ntpd'
`board/synapse/e10/root-additions/etc/fw_env.config' -> `/usr/local/src/git/E10-buildroot/br1111-main/output/target/etc/fw_env.config'
`board/synapse/e10/root-additions/root/scripts' -> `/usr/local/src/git/E10-buildroot/br1111-main/output/target/root/scripts'
`board/synapse/e10/root-additions/root/scripts/cron.daily.sh' -> `/usr/local/src/git/E10-buildroot/br1111-main/output/target/root/scripts/cron.daily.sh'
`board/synapse/e10/root-additions/root/scripts/update-jcu.sh' -> `/usr/local/src/git/E10-buildroot/br1111-main/output/target/root/scripts/update-jcu.sh'
`board/synapse/e10/root-additions/root/scripts/cron.monthly.sh' -> `/usr/local/src/git/E10-buildroot/br1111-main/output/target/root/scripts/cron.monthly.sh'
`board/synapse/e10/root-additions/root/scripts/cron.hourly.sh' -> `/usr/local/src/git/E10-buildroot/br1111-main/output/target/root/scripts/cron.hourly.sh'
`board/synapse/e10/root-additions/root/scripts/check-net.sh' -> `/usr/local/src/git/E10-buildroot/br1111-main/output/target/root/scripts/check-net.sh'
`board/synapse/e10/root-additions/root/scripts/cron.weekly.sh' -> `/usr/local/src/git/E10-buildroot/br1111-main/output/target/root/scripts/cron.weekly.sh'
`board/synapse/e10/root-additions/root/scripts/check-wlan.sh' -> `/usr/local/src/git/E10-buildroot/br1111-main/output/target/root/scripts/check-wlan.sh'
`board/synapse/e10/root-additions/root/scripts/cron.minute.sh' -> `/usr/local/src/git/E10-buildroot/br1111-main/output/target/root/scripts/cron.minute.sh'
`board/synapse/e10/root-additions/var/spool/cron/crontabs/root' -> `/usr/local/src/git/E10-buildroot/br1111-main/output/target/var/spool/cron/crontabs/root'
`board/synapse/e10/root-additions/var/spool/cron/crontabs/cron.update' -> `/usr/local/src/git/E10-buildroot/br1111-main/output/target/var/spool/cron/crontabs/cron.update'
`board/synapse/e10/root-additions/etc/wpa_supplicant.conf' -> `/usr/local/src/git/E10-buildroot/br1111-main/output/target/etc/wpa_supplicant.conf'
`board/synapse/e10/root-additions/etc/ifplugd/ifplugd.conf' -> `/usr/local/src/git/E10-buildroot/br1111-main/output/target/etc/ifplugd/ifplugd.conf'
`board/synapse/e10/root-additions/etc/network/interfaces' -> `/usr/local/src/git/E10-buildroot/br1111-main/output/target/etc/network/interfaces'
`board/synapse/e10/root-additions/etc/network/pre-wlan.sh' -> `/usr/local/src/git/E10-buildroot/br1111-main/output/target/etc/network/pre-wlan.sh'
`board/synapse/e10/root-additions/etc/init.d/S60cron' -> `/usr/local/src/git/E10-buildroot/br1111-main/output/target/etc/init.d/S60cron'
`board/synapse/e10/root-additions/etc/init.d/S49ntp' -> `/usr/local/src/git/E10-buildroot/br1111-main/output/target/etc/init.d/S49ntp'
`board/synapse/e10/root-additions/etc/init.d/S999snap' -> `/usr/local/src/git/E10-buildroot/br1111-main/output/target/etc/init.d/S999snap'
`board/synapse/e10/root-additions/etc/init.d/S99leds' -> `/usr/local/src/git/E10-buildroot/br1111-main/output/target/etc/init.d/S99leds'
`board/synapse/e10/root-additions/etc/default/ntpd' -> `/usr/local/src/git/E10-buildroot/br1111-main/output/target/etc/default/ntpd'
`board/synapse/e10/root-additions/etc/fw_env.config' -> `/usr/local/src/git/E10-buildroot/br1111-main/output/target/etc/fw_env.config'
`board/synapse/e10/root-additions/root/scripts/cron.daily.sh' -> `/usr/local/src/git/E10-buildroot/br1111-main/output/target/root/scripts/cron.daily.sh'
`board/synapse/e10/root-additions/root/scripts/update-jcu.sh' -> `/usr/local/src/git/E10-buildroot/br1111-main/output/target/root/scripts/update-jcu.sh'
`board/synapse/e10/root-additions/root/scripts/cron.monthly.sh' -> `/usr/local/src/git/E10-buildroot/br1111-main/output/target/root/scripts/cron.monthly.sh'
`board/synapse/e10/root-additions/root/scripts/cron.hourly.sh' -> `/usr/local/src/git/E10-buildroot/br1111-main/output/target/root/scripts/cron.hourly.sh'
`board/synapse/e10/root-additions/root/scripts/check-net.sh' -> `/usr/local/src/git/E10-buildroot/br1111-main/output/target/root/scripts/check-net.sh'
`board/synapse/e10/root-additions/root/scripts/cron.weekly.sh' -> `/usr/local/src/git/E10-buildroot/br1111-main/output/target/root/scripts/cron.weekly.sh'
`board/synapse/e10/root-additions/root/scripts/check-wlan.sh' -> `/usr/local/src/git/E10-buildroot/br1111-main/output/target/root/scripts/check-wlan.sh'
`board/synapse/e10/root-additions/root/scripts/cron.minute.sh' -> `/usr/local/src/git/E10-buildroot/br1111-main/output/target/root/scripts/cron.minute.sh'
`board/synapse/e10/root-additions/var/spool/cron/crontabs/root' -> `/usr/local/src/git/E10-buildroot/br1111-main/output/target/var/spool/cron/crontabs/root'
`board/synapse/e10/root-additions/var/spool/cron/crontabs/cron.update' -> `/usr/local/src/git/E10-buildroot/br1111-main/output/target/var/spool/cron/crontabs/cron.update'
`board/synapse/e10/root-additions/etc/wpa_supplicant.conf' -> `/usr/local/src/git/E10-buildroot/br1111-main/output/target/etc/wpa_supplicant.conf'
`board/synapse/e10/root-additions/etc/ifplugd' -> `/usr/local/src/git/E10-buildroot/br1111-main/output/target/etc/ifplugd'
`board/synapse/e10/root-additions/etc/ifplugd/ifplugd.conf' -> `/usr/local/src/git/E10-buildroot/br1111-main/output/target/etc/ifplugd/ifplugd.conf'
`board/synapse/e10/root-additions/etc/network/interfaces' -> `/usr/local/src/git/E10-buildroot/br1111-main/output/target/etc/network/interfaces'
`board/synapse/e10/root-additions/etc/network/pre-wlan.sh' -> `/usr/local/src/git/E10-buildroot/br1111-main/output/target/etc/network/pre-wlan.sh'
`board/synapse/e10/root-additions/etc/init.d/S60cron' -> `/usr/local/src/git/E10-buildroot/br1111-main/output/target/etc/init.d/S60cron'
`board/synapse/e10/root-additions/etc/init.d/S49ntp' -> `/usr/local/src/git/E10-buildroot/br1111-main/output/target/etc/init.d/S49ntp'
`board/synapse/e10/root-additions/etc/init.d/S999snap' -> `/usr/local/src/git/E10-buildroot/br1111-main/output/target/etc/init.d/S999snap'
`board/synapse/e10/root-additions/etc/init.d/S99leds' -> `/usr/local/src/git/E10-buildroot/br1111-main/output/target/etc/init.d/S99leds'
`board/synapse/e10/root-additions/etc/default/ntpd' -> `/usr/local/src/git/E10-buildroot/br1111-main/output/target/etc/default/ntpd'
`board/synapse/e10/root-additions/etc/fw_env.config' -> `/usr/local/src/git/E10-buildroot/br1111-main/output/target/etc/fw_env.config'
`board/synapse/e10/root-additions/root/scripts' -> `/usr/local/src/git/E10-buildroot/br1111-main/output/target/root/scripts'
`board/synapse/e10/root-additions/root/scripts/cron.daily.sh' -> `/usr/local/src/git/E10-buildroot/br1111-main/output/target/root/scripts/cron.daily.sh'
`board/synapse/e10/root-additions/root/scripts/update-jcu.sh' -> `/usr/local/src/git/E10-buildroot/br1111-main/output/target/root/scripts/update-jcu.sh'
`board/synapse/e10/root-additions/root/scripts/cron.monthly.sh' -> `/usr/local/src/git/E10-buildroot/br1111-main/output/target/root/scripts/cron.monthly.sh'
`board/synapse/e10/root-additions/root/scripts/cron.hourly.sh' -> `/usr/local/src/git/E10-buildroot/br1111-main/output/target/root/scripts/cron.hourly.sh'
`board/synapse/e10/root-additions/root/scripts/check-net.sh' -> `/usr/local/src/git/E10-buildroot/br1111-main/output/target/root/scripts/check-net.sh'
`board/synapse/e10/root-additions/root/scripts/cron.weekly.sh' -> `/usr/local/src/git/E10-buildroot/br1111-main/output/target/root/scripts/cron.weekly.sh'
`board/synapse/e10/root-additions/root/scripts/check-wlan.sh' -> `/usr/local/src/git/E10-buildroot/br1111-main/output/target/root/scripts/check-wlan.sh'
`board/synapse/e10/root-additions/root/scripts/cron.minute.sh' -> `/usr/local/src/git/E10-buildroot/br1111-main/output/target/root/scripts/cron.minute.sh'
`board/synapse/e10/root-additions/var/spool/cron/crontabs/root' -> `/usr/local/src/git/E10-buildroot/br1111-main/output/target/var/spool/cron/crontabs/root'
`board/synapse/e10/root-additions/var/spool/cron/crontabs/cron.update' -> `/usr/local/src/git/E10-buildroot/br1111-main/output/target/var/spool/cron/crontabs/cron.update'
`board/synapse/e10/root-additions/etc/wpa_supplicant.conf' -> `/usr/local/src/git/E10-buildroot/br1111-main/output/target/etc/wpa_supplicant.conf'
`board/synapse/e10/root-additions/etc/ifplugd' -> `/usr/local/src/git/E10-buildroot/br1111-main/output/target/etc/ifplugd'
`board/synapse/e10/root-additions/etc/ifplugd/ifplugd.conf' -> `/usr/local/src/git/E10-buildroot/br1111-main/output/target/etc/ifplugd/ifplugd.conf'
`board/synapse/e10/root-additions/etc/network/interfaces' -> `/usr/local/src/git/E10-buildroot/br1111-main/output/target/etc/network/interfaces'
`board/synapse/e10/root-additions/etc/network/pre-wlan.sh' -> `/usr/local/src/git/E10-buildroot/br1111-main/output/target/etc/network/pre-wlan.sh'
`board/synapse/e10/root-additions/etc/init.d/S60cron' -> `/usr/local/src/git/E10-buildroot/br1111-main/output/target/etc/init.d/S60cron'
`board/synapse/e10/root-additions/etc/init.d/S49ntp' -> `/usr/local/src/git/E10-buildroot/br1111-main/output/target/etc/init.d/S49ntp'
`board/synapse/e10/root-additions/etc/init.d/S999snap' -> `/usr/local/src/git/E10-buildroot/br1111-main/output/target/etc/init.d/S999snap'
`board/synapse/e10/root-additions/etc/init.d/S99leds' -> `/usr/local/src/git/E10-buildroot/br1111-main/output/target/etc/init.d/S99leds'
`board/synapse/e10/root-additions/etc/default/ntpd' -> `/usr/local/src/git/E10-buildroot/br1111-main/output/target/etc/default/ntpd'
`board/synapse/e10/root-additions/etc/fw_env.config' -> `/usr/local/src/git/E10-buildroot/br1111-main/output/target/etc/fw_env.config'
`board/synapse/e10/root-additions/root/scripts' -> `/usr/local/src/git/E10-buildroot/br1111-main/output/target/root/scripts'
`board/synapse/e10/root-additions/root/scripts/cron.daily.sh' -> `/usr/local/src/git/E10-buildroot/br1111-main/output/target/root/scripts/cron.daily.sh'
`board/synapse/e10/root-additions/root/scripts/update-jcu.sh' -> `/usr/local/src/git/E10-buildroot/br1111-main/output/target/root/scripts/update-jcu.sh'
`board/synapse/e10/root-additions/root/scripts/cron.monthly.sh' -> `/usr/local/src/git/E10-buildroot/br1111-main/output/target/root/scripts/cron.monthly.sh'
`board/synapse/e10/root-additions/root/scripts/cron.hourly.sh' -> `/usr/local/src/git/E10-buildroot/br1111-main/output/target/root/scripts/cron.hourly.sh'
`board/synapse/e10/root-additions/root/scripts/check-net.sh' -> `/usr/local/src/git/E10-buildroot/br1111-main/output/target/root/scripts/check-net.sh'
`board/synapse/e10/root-additions/root/scripts/cron.weekly.sh' -> `/usr/local/src/git/E10-buildroot/br1111-main/output/target/root/scripts/cron.weekly.sh'
`board/synapse/e10/root-additions/root/scripts/check-wlan.sh' -> `/usr/local/src/git/E10-buildroot/br1111-main/output/target/root/scripts/check-wlan.sh'
`board/synapse/e10/root-additions/root/scripts/cron.minute.sh' -> `/usr/local/src/git/E10-buildroot/br1111-main/output/target/root/scripts/cron.minute.sh'
`board/synapse/e10/root-additions/var/spool/cron/crontabs/root' -> `/usr/local/src/git/E10-buildroot/br1111-main/output/target/var/spool/cron/crontabs/root'
`board/synapse/e10/root-additions/var/spool/cron/crontabs/cron.update' -> `/usr/local/src/git/E10-buildroot/br1111-main/output/target/var/spool/cron/crontabs/cron.update'
`board/synapse/e10/root-additions/etc/wpa_supplicant.conf' -> `/usr/local/src/git/E10-buildroot/br1111-main/output/target/etc/wpa_supplicant.conf'
`board/synapse/e10/root-additions/etc/ifplugd/ifplugd.conf' -> `/usr/local/src/git/E10-buildroot/br1111-main/output/target/etc/ifplugd/ifplugd.conf'
`board/synapse/e10/root-additions/etc/network/interfaces' -> `/usr/local/src/git/E10-buildroot/br1111-main/output/target/etc/network/interfaces'
`board/synapse/e10/root-additions/etc/network/pre-wlan.sh' -> `/usr/local/src/git/E10-buildroot/br1111-main/output/target/etc/network/pre-wlan.sh'
`board/synapse/e10/root-additions/etc/init.d/S60cron' -> `/usr/local/src/git/E10-buildroot/br1111-main/output/target/etc/init.d/S60cron'
`board/synapse/e10/root-additions/etc/init.d/S49ntp' -> `/usr/local/src/git/E10-buildroot/br1111-main/output/target/etc/init.d/S49ntp'
`board/synapse/e10/root-additions/etc/init.d/S999snap' -> `/usr/local/src/git/E10-buildroot/br1111-main/output/target/etc/init.d/S999snap'
`board/synapse/e10/root-additions/etc/init.d/S99leds' -> `/usr/local/src/git/E10-buildroot/br1111-main/output/target/etc/init.d/S99leds'
`board/synapse/e10/root-additions/etc/default/ntpd' -> `/usr/local/src/git/E10-buildroot/br1111-main/output/target/etc/default/ntpd'
`board/synapse/e10/root-additions/etc/fw_env.config' -> `/usr/local/src/git/E10-buildroot/br1111-main/output/target/etc/fw_env.config'
`board/synapse/e10/root-additions/root/scripts/cron.daily.sh' -> `/usr/local/src/git/E10-buildroot/br1111-main/output/target/root/scripts/cron.daily.sh'
`board/synapse/e10/root-additions/root/scripts/update-jcu.sh' -> `/usr/local/src/git/E10-buildroot/br1111-main/output/target/root/scripts/update-jcu.sh'
`board/synapse/e10/root-additions/root/scripts/cron.monthly.sh' -> `/usr/local/src/git/E10-buildroot/br1111-main/output/target/root/scripts/cron.monthly.sh'
`board/synapse/e10/root-additions/root/scripts/cron.hourly.sh' -> `/usr/local/src/git/E10-buildroot/br1111-main/output/target/root/scripts/cron.hourly.sh'
`board/synapse/e10/root-additions/root/scripts/check-net.sh' -> `/usr/local/src/git/E10-buildroot/br1111-main/output/target/root/scripts/check-net.sh'
`board/synapse/e10/root-additions/root/scripts/cron.weekly.sh' -> `/usr/local/src/git/E10-buildroot/br1111-main/output/target/root/scripts/cron.weekly.sh'
`board/synapse/e10/root-additions/root/scripts/check-wlan.sh' -> `/usr/local/src/git/E10-buildroot/br1111-main/output/target/root/scripts/check-wlan.sh'
`board/synapse/e10/root-additions/root/scripts/cron.minute.sh' -> `/usr/local/src/git/E10-buildroot/br1111-main/output/target/root/scripts/cron.minute.sh'
`board/synapse/e10/root-additions/var/spool/cron/crontabs/root' -> `/usr/local/src/git/E10-buildroot/br1111-main/output/target/var/spool/cron/crontabs/root'
`board/synapse/e10/root-additions/var/spool/cron/crontabs/cron.update' -> `/usr/local/src/git/E10-buildroot/br1111-main/output/target/var/spool/cron/crontabs/cron.update'
`board/synapse/e10/root-additions/etc/wpa_supplicant.conf' -> `/usr/local/src/git/E10-buildroot/br1111-main/output/target/etc/wpa_supplicant.conf'
`board/synapse/e10/root-additions/etc/ifplugd/ifplugd.conf' -> `/usr/local/src/git/E10-buildroot/br1111-main/output/target/etc/ifplugd/ifplugd.conf'
`board/synapse/e10/root-additions/etc/network/interfaces' -> `/usr/local/src/git/E10-buildroot/br1111-main/output/target/etc/network/interfaces'
`board/synapse/e10/root-additions/etc/network/pre-wlan.sh' -> `/usr/local/src/git/E10-buildroot/br1111-main/output/target/etc/network/pre-wlan.sh'
`board/synapse/e10/root-additions/etc/init.d/S60cron' -> `/usr/local/src/git/E10-buildroot/br1111-main/output/target/etc/init.d/S60cron'
`board/synapse/e10/root-additions/etc/init.d/S49ntp' -> `/usr/local/src/git/E10-buildroot/br1111-main/output/target/etc/init.d/S49ntp'
`board/synapse/e10/root-additions/etc/init.d/S999snap' -> `/usr/local/src/git/E10-buildroot/br1111-main/output/target/etc/init.d/S999snap'
`board/synapse/e10/root-additions/etc/init.d/S99leds' -> `/usr/local/src/git/E10-buildroot/br1111-main/output/target/etc/init.d/S99leds'
`board/synapse/e10/root-additions/etc/default/ntpd' -> `/usr/local/src/git/E10-buildroot/br1111-main/output/target/etc/default/ntpd'
`board/synapse/e10/root-additions/etc/fw_env.config' -> `/usr/local/src/git/E10-buildroot/br1111-main/output/target/etc/fw_env.config'
`board/synapse/e10/root-additions/root/scripts/cron.daily.sh' -> `/usr/local/src/git/E10-buildroot/br1111-main/output/target/root/scripts/cron.daily.sh'
`board/synapse/e10/root-additions/root/scripts/update-jcu.sh' -> `/usr/local/src/git/E10-buildroot/br1111-main/output/target/root/scripts/update-jcu.sh'
`board/synapse/e10/root-additions/root/scripts/cron.monthly.sh' -> `/usr/local/src/git/E10-buildroot/br1111-main/output/target/root/scripts/cron.monthly.sh'
`board/synapse/e10/root-additions/root/scripts/cron.hourly.sh' -> `/usr/local/src/git/E10-buildroot/br1111-main/output/target/root/scripts/cron.hourly.sh'
`board/synapse/e10/root-additions/root/scripts/check-net.sh' -> `/usr/local/src/git/E10-buildroot/br1111-main/output/target/root/scripts/check-net.sh'
`board/synapse/e10/root-additions/root/scripts/cron.weekly.sh' -> `/usr/local/src/git/E10-buildroot/br1111-main/output/target/root/scripts/cron.weekly.sh'
`board/synapse/e10/root-additions/root/scripts/check-wlan.sh' -> `/usr/local/src/git/E10-buildroot/br1111-main/output/target/root/scripts/check-wlan.sh'
`board/synapse/e10/root-additions/root/scripts/cron.minute.sh' -> `/usr/local/src/git/E10-buildroot/br1111-main/output/target/root/scripts/cron.minute.sh'
`board/synapse/e10/root-additions/var/spool/cron/crontabs/root' -> `/usr/local/src/git/E10-buildroot/br1111-main/output/target/var/spool/cron/crontabs/root'
`board/synapse/e10/root-additions/var/spool/cron/crontabs/cron.update' -> `/usr/local/src/git/E10-buildroot/br1111-main/output/target/var/spool/cron/crontabs/cron.update'
`board/synapse/e10/root-additions/etc/wpa_supplicant.conf' -> `/usr/local/src/git/E10-buildroot/br1111-main/output/target/etc/wpa_supplicant.conf'
`board/synapse/e10/root-additions/etc/ifplugd' -> `/usr/local/src/git/E10-buildroot/br1111-main/output/target/etc/ifplugd'
`board/synapse/e10/root-additions/etc/ifplugd/ifplugd.conf' -> `/usr/local/src/git/E10-buildroot/br1111-main/output/target/etc/ifplugd/ifplugd.conf'
`board/synapse/e10/root-additions/etc/network/interfaces' -> `/usr/local/src/git/E10-buildroot/br1111-main/output/target/etc/network/interfaces'
`board/synapse/e10/root-additions/etc/network/pre-wlan.sh' -> `/usr/local/src/git/E10-buildroot/br1111-main/output/target/etc/network/pre-wlan.sh'
`board/synapse/e10/root-additions/etc/init.d/S60cron' -> `/usr/local/src/git/E10-buildroot/br1111-main/output/target/etc/init.d/S60cron'
`board/synapse/e10/root-additions/etc/init.d/S49ntp' -> `/usr/local/src/git/E10-buildroot/br1111-main/output/target/etc/init.d/S49ntp'
`board/synapse/e10/root-additions/etc/init.d/S999snap' -> `/usr/local/src/git/E10-buildroot/br1111-main/output/target/etc/init.d/S999snap'
`board/synapse/e10/root-additions/etc/init.d/S99leds' -> `/usr/local/src/git/E10-buildroot/br1111-main/output/target/etc/init.d/S99leds'
`board/synapse/e10/root-additions/etc/default/ntpd' -> `/usr/local/src/git/E10-buildroot/br1111-main/output/target/etc/default/ntpd'
`board/synapse/e10/root-additions/etc/fw_env.config' -> `/usr/local/src/git/E10-buildroot/br1111-main/output/target/etc/fw_env.config'
`board/synapse/e10/root-additions/root/scripts' -> `/usr/local/src/git/E10-buildroot/br1111-main/output/target/root/scripts'
`board/synapse/e10/root-additions/root/scripts/cron.daily.sh' -> `/usr/local/src/git/E10-buildroot/br1111-main/output/target/root/scripts/cron.daily.sh'
`board/synapse/e10/root-additions/root/scripts/update-jcu.sh' -> `/usr/local/src/git/E10-buildroot/br1111-main/output/target/root/scripts/update-jcu.sh'
`board/synapse/e10/root-additions/root/scripts/cron.monthly.sh' -> `/usr/local/src/git/E10-buildroot/br1111-main/output/target/root/scripts/cron.monthly.sh'
`board/synapse/e10/root-additions/root/scripts/cron.hourly.sh' -> `/usr/local/src/git/E10-buildroot/br1111-main/output/target/root/scripts/cron.hourly.sh'
`board/synapse/e10/root-additions/root/scripts/check-net.sh' -> `/usr/local/src/git/E10-buildroot/br1111-main/output/target/root/scripts/check-net.sh'
`board/synapse/e10/root-additions/root/scripts/cron.weekly.sh' -> `/usr/local/src/git/E10-buildroot/br1111-main/output/target/root/scripts/cron.weekly.sh'
`board/synapse/e10/root-additions/root/scripts/check-wlan.sh' -> `/usr/local/src/git/E10-buildroot/br1111-main/output/target/root/scripts/check-wlan.sh'
`board/synapse/e10/root-additions/root/scripts/cron.minute.sh' -> `/usr/local/src/git/E10-buildroot/br1111-main/output/target/root/scripts/cron.minute.sh'
`board/synapse/e10/root-additions/var/spool/cron/crontabs/root' -> `/usr/local/src/git/E10-buildroot/br1111-main/output/target/var/spool/cron/crontabs/root'
`board/synapse/e10/root-additions/var/spool/cron/crontabs/cron.update' -> `/usr/local/src/git/E10-buildroot/br1111-main/output/target/var/spool/cron/crontabs/cron.update'
